{
  "RSpec": {
    "coverage": {
      "/Library/WebServer/rails_apps/telesms/lib/telesms.rb": [
        null,
        1,
        null,
        null,
        1,
        1,
        1,
        1,
        1
      ],
      "/Library/WebServer/rails_apps/telesms/lib/telesms/base.rb": [
        1,
        null,
        1,
        null,
        null,
        null,
        1,
        39,
        null,
        null,
        null
      ],
      "/Library/WebServer/rails_apps/telesms/lib/telesms/outgoing.rb": [
        1,
        null,
        1,
        1,
        null,
        null,
        null,
        1,
        null,
        null,
        null,
        1,
        null,
        null,
        null,
        1,
        null,
        null,
        null,
        1,
        null,
        null,
        null,
        null,
        null,
        null,
        null,
        null,
        null,
        null,
        null,
        null,
        null,
        null,
        null,
        null,
        1,
        2,
        null,
        null,
        null,
        null,
        null,
        null,
        null,
        null,
        null,
        null,
        null,
        null,
        null,
        null,
        null,
        null,
        null,
        1,
        12,
        12,
        12,
        12,
        null,
        null,
        null,
        null,
        null,
        1,
        4,
        null,
        null,
        null,
        null,
        null,
        1,
        6,
        null,
        null,
        null,
        null,
        null,
        1,
        5,
        null,
        null,
        null
      ],
      "/Library/WebServer/rails_apps/telesms/lib/telesms/incoming.rb": [
        1,
        null,
        1,
        1,
        null,
        null,
        null,
        1,
        null,
        null,
        null,
        null,
        null,
        null,
        null,
        1,
        2,
        null,
        null,
        null,
        null,
        null,
        null,
        null,
        null,
        1,
        22,
        22,
        null,
        null,
        null,
        null,
        null,
        null,
        null,
        null,
        null,
        1,
        27,
        null,
        null,
        null,
        null,
        null,
        null,
        27,
        null,
        null,
        null,
        null,
        null,
        1,
        29,
        null,
        null,
        null,
        null,
        null,
        1,
        30,
        null,
        null,
        null,
        null,
        null,
        1,
        33,
        null,
        null,
        null,
        null,
        null,
        1,
        67,
        null,
        null,
        null,
        null,
        null,
        1,
        null,
        62,
        31,
        null,
        null,
        null,
        null,
        null,
        1,
        31,
        31,
        31,
        31,
        31,
        31,
        null,
        null,
        null,
        null,
        null,
        1,
        32,
        null,
        null,
        null
      ]
    },
    "timestamp": 1397004531
  }
}
