{
  "RSpec": {
    "coverage": {
      "/Library/WebServer/rails_apps/telesms/lib/telesms.rb": [
        1,
        1,
        null,
        null,
        null,
        1,
        1,
        1,
        1,
        1
      ],
      "/Library/WebServer/rails_apps/telesms/lib/telesms/base.rb": [
        1,
        1,
        1,
        6,
        null,
        null,
        null,
        null,
        null
      ],
      "/Library/WebServer/rails_apps/telesms/lib/telesms/outgoing.rb": [
        1,
        1,
        1,
        1,
        null,
        1,
        null,
        1,
        null,
        1,
        null,
        1,
        2,
        null,
        null,
        1,
        11,
        11,
        11,
        11,
        null,
        null,
        1,
        4,
        null,
        null,
        1,
        6,
        null,
        null,
        null,
        null,
        null,
        null
      ],
      "/Library/WebServer/rails_apps/telesms/lib/telesms/incoming.rb": [
        1,
        1,
        1,
        null,
        1,
        0,
        null,
        null,
        1,
        0,
        null,
        null,
        1,
        0,
        null,
        null,
        null,
        null,
        null,
        0,
        null,
        null,
        1,
        0,
        0,
        0,
        0,
        0,
        null,
        null,
        1,
        0,
        null,
        null,
        null,
        null,
        null,
        null
      ]
    },
    "timestamp": 1396919222
  }
}
